[0324/180257:ERROR:process_info.cc(608)] range at 0xfffde000, size 0x230 fully unreadable
[0324/180257:ERROR:process_reader_win.cc(113)] NtOpenThread: {Access Denied} A process has requested access to an object, but has not been granted those access rights.  (0xc0000022)
[0324/180257:ERROR:exception_snapshot_win.cc(56)] thread ID 7588 not found in process
[0324/180257:WARNING:crash_report_exception_handler.cc(60)] ProcessSnapshotWin::InitializeException failed
[0519/141748:ERROR:process_info.cc(608)] range at 0xfffde000, size 0x230 fully unreadable
[0519/141748:ERROR:process_info.cc(608)] range at 0xfffdd000, size 0xf84 fully unreadable
[0519/141748:ERROR:process_info.cc(608)] range at 0xfffda000, size 0xf84 fully unreadable
[0519/141748:ERROR:process_info.cc(608)] range at 0xfffa6000, size 0xf84 fully unreadable
[0519/141748:ERROR:process_info.cc(608)] range at 0xfffa3000, size 0xf84 fully unreadable
[0519/141748:ERROR:process_info.cc(608)] range at 0xfffa0000, size 0xf84 fully unreadable
[0519/141748:ERROR:process_info.cc(608)] range at 0xfff9d000, size 0xf84 fully unreadable
[0519/141748:ERROR:process_info.cc(608)] range at 0xfff97000, size 0xf84 fully unreadable
[0519/141748:ERROR:process_info.cc(608)] range at 0xfff94000, size 0xf84 fully unreadable
[0519/141748:ERROR:process_info.cc(608)] range at 0xfff9a000, size 0xf84 fully unreadable
[0519/141748:ERROR:process_info.cc(608)] range at 0xfff91000, size 0xf84 fully unreadable
[0519/141748:ERROR:process_info.cc(608)] range at 0xfff8e000, size 0xf84 fully unreadable
[0519/141748:ERROR:process_info.cc(608)] range at 0xfff8b000, size 0xf84 fully unreadable
[0519/141748:ERROR:process_info.cc(608)] range at 0xfff88000, size 0xf84 fully unreadable
[0519/141748:ERROR:process_info.cc(608)] range at 0xfff85000, size 0xf84 fully unreadable
[0519/141748:ERROR:process_info.cc(608)] range at 0xfff82000, size 0xf84 fully unreadable
[0519/141748:ERROR:process_info.cc(608)] range at 0xfff7f000, size 0xf84 fully unreadable
[0519/141748:ERROR:process_info.cc(608)] range at 0xfff7c000, size 0xf84 fully unreadable
[0519/141748:ERROR:process_info.cc(608)] range at 0xfff79000, size 0xf84 fully unreadable
[0519/141748:ERROR:process_info.cc(608)] range at 0xfff76000, size 0xf84 fully unreadable
[0519/141748:ERROR:process_info.cc(608)] range at 0xfff73000, size 0xf84 fully unreadable
[0519/141748:ERROR:process_info.cc(608)] range at 0xfff70000, size 0xf84 fully unreadable
[0519/141748:ERROR:process_info.cc(608)] range at 0xfff6d000, size 0xf84 fully unreadable
[0519/141748:ERROR:process_info.cc(608)] range at 0xfff6a000, size 0xf84 fully unreadable
[0519/141748:ERROR:process_info.cc(608)] range at 0xfff67000, size 0xf84 fully unreadable
[0519/141748:ERROR:process_info.cc(608)] range at 0xfff64000, size 0xf84 fully unreadable
[0519/141748:ERROR:process_info.cc(608)] range at 0xfff61000, size 0xf84 fully unreadable
[0519/141748:ERROR:process_info.cc(608)] range at 0xfff5e000, size 0xf84 fully unreadable
[0519/141748:ERROR:process_info.cc(608)] range at 0xfff5b000, size 0xf84 fully unreadable
[0519/141748:ERROR:process_info.cc(608)] range at 0xfff58000, size 0xf84 fully unreadable
[0519/141748:ERROR:process_info.cc(608)] range at 0xfff55000, size 0xf84 fully unreadable
[0519/141748:ERROR:process_info.cc(608)] range at 0xfff52000, size 0xf84 fully unreadable
[0519/141748:ERROR:process_info.cc(608)] range at 0xfff4f000, size 0xf84 fully unreadable
[0519/141748:ERROR:process_info.cc(608)] range at 0xfffd7000, size 0xf84 fully unreadable
[0518/164706.311:ERROR:prune_crash_reports.cc(35)] PruneCrashReportDatabase: Failed to get pending reports
[0518/165058.070:ERROR:prune_crash_reports.cc(35)] PruneCrashReportDatabase: Failed to get pending reports
[0518/165204.822:ERROR:prune_crash_reports.cc(35)] PruneCrashReportDatabase: Failed to get pending reports
[0518/165311.862:ERROR:prune_crash_reports.cc(35)] PruneCrashReportDatabase: Failed to get pending reports
[0518/165418.773:ERROR:prune_crash_reports.cc(35)] PruneCrashReportDatabase: Failed to get pending reports
[0518/165529.638:ERROR:prune_crash_reports.cc(35)] PruneCrashReportDatabase: Failed to get pending reports
[0518/165637.136:ERROR:prune_crash_reports.cc(35)] PruneCrashReportDatabase: Failed to get pending reports
[0518/165744.699:ERROR:prune_crash_reports.cc(35)] PruneCrashReportDatabase: Failed to get pending reports
[0518/165852.379:ERROR:prune_crash_reports.cc(35)] PruneCrashReportDatabase: Failed to get pending reports
[0518/170001.560:ERROR:prune_crash_reports.cc(35)] PruneCrashReportDatabase: Failed to get pending reports
[0518/170109.475:ERROR:prune_crash_reports.cc(35)] PruneCrashReportDatabase: Failed to get pending reports
[0518/170218.968:ERROR:prune_crash_reports.cc(35)] PruneCrashReportDatabase: Failed to get pending reports
[0518/170327.779:ERROR:prune_crash_reports.cc(35)] PruneCrashReportDatabase: Failed to get pending reports
[0518/170440.400:ERROR:prune_crash_reports.cc(35)] PruneCrashReportDatabase: Failed to get pending reports
[0518/170549.836:ERROR:prune_crash_reports.cc(35)] PruneCrashReportDatabase: Failed to get pending reports
[0518/170659.353:ERROR:prune_crash_reports.cc(35)] PruneCrashReportDatabase: Failed to get pending reports
[0518/170809.326:ERROR:prune_crash_reports.cc(35)] PruneCrashReportDatabase: Failed to get pending reports
[0518/170919.853:ERROR:prune_crash_reports.cc(35)] PruneCrashReportDatabase: Failed to get pending reports
[0518/171029.896:ERROR:prune_crash_reports.cc(35)] PruneCrashReportDatabase: Failed to get pending reports
[0518/171140.394:ERROR:prune_crash_reports.cc(35)] PruneCrashReportDatabase: Failed to get pending reports
[0518/171252.785:ERROR:prune_crash_reports.cc(35)] PruneCrashReportDatabase: Failed to get pending reports
[0518/171404.756:ERROR:prune_crash_reports.cc(35)] PruneCrashReportDatabase: Failed to get pending reports
[0518/171516.780:ERROR:prune_crash_reports.cc(35)] PruneCrashReportDatabase: Failed to get pending reports
[0518/171628.910:ERROR:prune_crash_reports.cc(35)] PruneCrashReportDatabase: Failed to get pending reports
[0518/171741.435:ERROR:prune_crash_reports.cc(35)] PruneCrashReportDatabase: Failed to get pending reports
[0518/171854.746:ERROR:prune_crash_reports.cc(35)] PruneCrashReportDatabase: Failed to get pending reports
[0518/172010.686:ERROR:prune_crash_reports.cc(35)] PruneCrashReportDatabase: Failed to get pending reports
[0518/172125.091:ERROR:prune_crash_reports.cc(35)] PruneCrashReportDatabase: Failed to get pending reports
[0518/172238.831:ERROR:prune_crash_reports.cc(35)] PruneCrashReportDatabase: Failed to get pending reports
[0518/172352.599:ERROR:prune_crash_reports.cc(35)] PruneCrashReportDatabase: Failed to get pending reports
[0518/172506.847:ERROR:prune_crash_reports.cc(35)] PruneCrashReportDatabase: Failed to get pending reports
[0518/172705.660:ERROR:prune_crash_reports.cc(35)] PruneCrashReportDatabase: Failed to get pending reports
[0518/172821.704:ERROR:prune_crash_reports.cc(35)] PruneCrashReportDatabase: Failed to get pending reports
[0518/172937.271:ERROR:prune_crash_reports.cc(35)] PruneCrashReportDatabase: Failed to get pending reports
[0518/173053.541:ERROR:prune_crash_reports.cc(35)] PruneCrashReportDatabase: Failed to get pending reports
[0518/173210.311:ERROR:prune_crash_reports.cc(35)] PruneCrashReportDatabase: Failed to get pending reports
[0518/173327.683:ERROR:prune_crash_reports.cc(35)] PruneCrashReportDatabase: Failed to get pending reports
[0518/173452.988:ERROR:prune_crash_reports.cc(35)] PruneCrashReportDatabase: Failed to get pending reports
[0518/173610.500:ERROR:prune_crash_reports.cc(35)] PruneCrashReportDatabase: Failed to get pending reports
[0518/173728.338:ERROR:prune_crash_reports.cc(35)] PruneCrashReportDatabase: Failed to get pending reports
[0518/173846.842:ERROR:prune_crash_reports.cc(35)] PruneCrashReportDatabase: Failed to get pending reports
[0518/174005.593:ERROR:prune_crash_reports.cc(35)] PruneCrashReportDatabase: Failed to get pending reports
[0518/174124.084:ERROR:prune_crash_reports.cc(35)] PruneCrashReportDatabase: Failed to get pending reports
[0518/174242.944:ERROR:prune_crash_reports.cc(35)] PruneCrashReportDatabase: Failed to get pending reports
[0518/174401.840:ERROR:prune_crash_reports.cc(35)] PruneCrashReportDatabase: Failed to get pending reports
[0518/174521.290:ERROR:prune_crash_reports.cc(35)] PruneCrashReportDatabase: Failed to get pending reports
[0518/174641.229:ERROR:prune_crash_reports.cc(35)] PruneCrashReportDatabase: Failed to get pending reports
[0518/174801.136:ERROR:prune_crash_reports.cc(35)] PruneCrashReportDatabase: Failed to get pending reports
[0518/174921.597:ERROR:prune_crash_reports.cc(35)] PruneCrashReportDatabase: Failed to get pending reports
[0518/175042.216:ERROR:prune_crash_reports.cc(35)] PruneCrashReportDatabase: Failed to get pending reports
[0518/175210.044:ERROR:prune_crash_reports.cc(35)] PruneCrashReportDatabase: Failed to get pending reports
[0518/175331.384:ERROR:prune_crash_reports.cc(35)] PruneCrashReportDatabase: Failed to get pending reports
[0518/175452.716:ERROR:prune_crash_reports.cc(35)] PruneCrashReportDatabase: Failed to get pending reports
[0518/175612.208:ERROR:prune_crash_reports.cc(35)] PruneCrashReportDatabase: Failed to get pending reports
[0518/175731.867:ERROR:prune_crash_reports.cc(35)] PruneCrashReportDatabase: Failed to get pending reports
[0518/175852.145:ERROR:prune_crash_reports.cc(35)] PruneCrashReportDatabase: Failed to get pending reports
[0518/180012.203:ERROR:prune_crash_reports.cc(35)] PruneCrashReportDatabase: Failed to get pending reports
[0518/180132.555:ERROR:prune_crash_reports.cc(35)] PruneCrashReportDatabase: Failed to get pending reports
[0518/180252.774:ERROR:prune_crash_reports.cc(35)] PruneCrashReportDatabase: Failed to get pending reports
[0518/180412.985:ERROR:prune_crash_reports.cc(35)] PruneCrashReportDatabase: Failed to get pending reports
[0518/180533.881:ERROR:prune_crash_reports.cc(35)] PruneCrashReportDatabase: Failed to get pending reports
[0518/180654.862:ERROR:prune_crash_reports.cc(35)] PruneCrashReportDatabase: Failed to get pending reports
[0518/180815.877:ERROR:prune_crash_reports.cc(35)] PruneCrashReportDatabase: Failed to get pending reports
[0518/180937.634:ERROR:prune_crash_reports.cc(35)] PruneCrashReportDatabase: Failed to get pending reports
[0518/181059.313:ERROR:prune_crash_reports.cc(35)] PruneCrashReportDatabase: Failed to get pending reports
[0518/181203.872:ERROR:prune_crash_reports.cc(35)] PruneCrashReportDatabase: Failed to get pending reports
[0518/181308.433:ERROR:prune_crash_reports.cc(35)] PruneCrashReportDatabase: Failed to get pending reports
[0518/181412.964:ERROR:prune_crash_reports.cc(35)] PruneCrashReportDatabase: Failed to get pending reports
[0518/181535.150:ERROR:prune_crash_reports.cc(35)] PruneCrashReportDatabase: Failed to get pending reports
[0518/181657.534:ERROR:prune_crash_reports.cc(35)] PruneCrashReportDatabase: Failed to get pending reports
[0518/181820.356:ERROR:prune_crash_reports.cc(35)] PruneCrashReportDatabase: Failed to get pending reports
[0518/181943.560:ERROR:prune_crash_reports.cc(35)] PruneCrashReportDatabase: Failed to get pending reports
[0518/182106.219:ERROR:prune_crash_reports.cc(35)] PruneCrashReportDatabase: Failed to get pending reports
[0518/182232.596:ERROR:prune_crash_reports.cc(35)] PruneCrashReportDatabase: Failed to get pending reports
[0518/182359.583:ERROR:prune_crash_reports.cc(35)] PruneCrashReportDatabase: Failed to get pending reports
[0518/182526.526:ERROR:prune_crash_reports.cc(35)] PruneCrashReportDatabase: Failed to get pending reports
[0518/182653.892:ERROR:prune_crash_reports.cc(35)] PruneCrashReportDatabase: Failed to get pending reports
[0518/182821.260:ERROR:prune_crash_reports.cc(35)] PruneCrashReportDatabase: Failed to get pending reports
[0518/182949.086:ERROR:prune_crash_reports.cc(35)] PruneCrashReportDatabase: Failed to get pending reports
[0518/183117.170:ERROR:prune_crash_reports.cc(35)] PruneCrashReportDatabase: Failed to get pending reports
[0518/183246.013:ERROR:prune_crash_reports.cc(35)] PruneCrashReportDatabase: Failed to get pending reports
[0518/183414.505:ERROR:prune_crash_reports.cc(35)] PruneCrashReportDatabase: Failed to get pending reports
[0518/183543.876:ERROR:prune_crash_reports.cc(35)] PruneCrashReportDatabase: Failed to get pending reports
[0518/183713.452:ERROR:prune_crash_reports.cc(35)] PruneCrashReportDatabase: Failed to get pending reports
[0518/183843.196:ERROR:prune_crash_reports.cc(35)] PruneCrashReportDatabase: Failed to get pending reports
[0518/184014.621:ERROR:prune_crash_reports.cc(35)] PruneCrashReportDatabase: Failed to get pending reports
[0518/184144.543:ERROR:prune_crash_reports.cc(35)] PruneCrashReportDatabase: Failed to get pending reports
[0518/184314.943:ERROR:prune_crash_reports.cc(35)] PruneCrashReportDatabase: Failed to get pending reports
[0518/184445.553:ERROR:prune_crash_reports.cc(35)] PruneCrashReportDatabase: Failed to get pending reports
[0518/184616.933:ERROR:prune_crash_reports.cc(35)] PruneCrashReportDatabase: Failed to get pending reports
[0518/184748.080:ERROR:prune_crash_reports.cc(35)] PruneCrashReportDatabase: Failed to get pending reports
[0518/184919.558:ERROR:prune_crash_reports.cc(35)] PruneCrashReportDatabase: Failed to get pending reports
[0518/185051.484:ERROR:prune_crash_reports.cc(35)] PruneCrashReportDatabase: Failed to get pending reports
[0518/185223.340:ERROR:prune_crash_reports.cc(35)] PruneCrashReportDatabase: Failed to get pending reports
[0518/185355.906:ERROR:prune_crash_reports.cc(35)] PruneCrashReportDatabase: Failed to get pending reports
[0518/185528.907:ERROR:prune_crash_reports.cc(35)] PruneCrashReportDatabase: Failed to get pending reports
[0518/185657.224:ERROR:prune_crash_reports.cc(35)] PruneCrashReportDatabase: Failed to get pending reports
[0518/185826.252:ERROR:prune_crash_reports.cc(35)] PruneCrashReportDatabase: Failed to get pending reports
[0518/185955.568:ERROR:prune_crash_reports.cc(35)] PruneCrashReportDatabase: Failed to get pending reports
[0518/190125.525:ERROR:prune_crash_reports.cc(35)] PruneCrashReportDatabase: Failed to get pending reports
[0518/190254.952:ERROR:prune_crash_reports.cc(35)] PruneCrashReportDatabase: Failed to get pending reports
[0518/190425.034:ERROR:prune_crash_reports.cc(35)] PruneCrashReportDatabase: Failed to get pending reports
[0518/190556.149:ERROR:prune_crash_reports.cc(35)] PruneCrashReportDatabase: Failed to get pending reports
[0518/190726.467:ERROR:prune_crash_reports.cc(35)] PruneCrashReportDatabase: Failed to get pending reports
[0518/190857.218:ERROR:prune_crash_reports.cc(35)] PruneCrashReportDatabase: Failed to get pending reports
[0518/191028.948:ERROR:prune_crash_reports.cc(35)] PruneCrashReportDatabase: Failed to get pending reports
[0518/191200.646:ERROR:prune_crash_reports.cc(35)] PruneCrashReportDatabase: Failed to get pending reports
[0518/191332.079:ERROR:prune_crash_reports.cc(35)] PruneCrashReportDatabase: Failed to get pending reports
[0518/191503.809:ERROR:prune_crash_reports.cc(35)] PruneCrashReportDatabase: Failed to get pending reports
[0518/191635.542:ERROR:prune_crash_reports.cc(35)] PruneCrashReportDatabase: Failed to get pending reports
[0518/191807.550:ERROR:prune_crash_reports.cc(35)] PruneCrashReportDatabase: Failed to get pending reports
[0518/191939.984:ERROR:prune_crash_reports.cc(35)] PruneCrashReportDatabase: Failed to get pending reports
[0518/192113.003:ERROR:prune_crash_reports.cc(35)] PruneCrashReportDatabase: Failed to get pending reports
[0518/192250.911:ERROR:prune_crash_reports.cc(35)] PruneCrashReportDatabase: Failed to get pending reports
[0518/192428.876:ERROR:prune_crash_reports.cc(35)] PruneCrashReportDatabase: Failed to get pending reports
[0518/192607.369:ERROR:prune_crash_reports.cc(35)] PruneCrashReportDatabase: Failed to get pending reports
[0518/192745.860:ERROR:prune_crash_reports.cc(35)] PruneCrashReportDatabase: Failed to get pending reports
[0518/192924.419:ERROR:prune_crash_reports.cc(35)] PruneCrashReportDatabase: Failed to get pending reports
[0518/193103.424:ERROR:prune_crash_reports.cc(35)] PruneCrashReportDatabase: Failed to get pending reports
[0518/193243.073:ERROR:prune_crash_reports.cc(35)] PruneCrashReportDatabase: Failed to get pending reports
[0518/193423.238:ERROR:prune_crash_reports.cc(35)] PruneCrashReportDatabase: Failed to get pending reports
[0518/193603.227:ERROR:prune_crash_reports.cc(35)] PruneCrashReportDatabase: Failed to get pending reports
[0518/193743.015:ERROR:prune_crash_reports.cc(35)] PruneCrashReportDatabase: Failed to get pending reports
[0518/193923.464:ERROR:prune_crash_reports.cc(35)] PruneCrashReportDatabase: Failed to get pending reports
[0518/194103.238:ERROR:prune_crash_reports.cc(35)] PruneCrashReportDatabase: Failed to get pending reports
[0518/194243.316:ERROR:prune_crash_reports.cc(35)] PruneCrashReportDatabase: Failed to get pending reports
[0518/194424.074:ERROR:prune_crash_reports.cc(35)] PruneCrashReportDatabase: Failed to get pending reports
[0518/194604.989:ERROR:prune_crash_reports.cc(35)] PruneCrashReportDatabase: Failed to get pending reports
[0518/194746.312:ERROR:prune_crash_reports.cc(35)] PruneCrashReportDatabase: Failed to get pending reports
[0518/194928.318:ERROR:prune_crash_reports.cc(35)] PruneCrashReportDatabase: Failed to get pending reports
[0518/195109.920:ERROR:prune_crash_reports.cc(35)] PruneCrashReportDatabase: Failed to get pending reports
[0518/195251.497:ERROR:prune_crash_reports.cc(35)] PruneCrashReportDatabase: Failed to get pending reports
[0518/195434.037:ERROR:prune_crash_reports.cc(35)] PruneCrashReportDatabase: Failed to get pending reports
[0518/195619.270:ERROR:prune_crash_reports.cc(35)] PruneCrashReportDatabase: Failed to get pending reports
[0518/195802.334:ERROR:prune_crash_reports.cc(35)] PruneCrashReportDatabase: Failed to get pending reports
[0518/195945.976:ERROR:prune_crash_reports.cc(35)] PruneCrashReportDatabase: Failed to get pending reports
[0518/200129.539:ERROR:prune_crash_reports.cc(35)] PruneCrashReportDatabase: Failed to get pending reports
[0518/200313.273:ERROR:prune_crash_reports.cc(35)] PruneCrashReportDatabase: Failed to get pending reports
[0518/200456.986:ERROR:prune_crash_reports.cc(35)] PruneCrashReportDatabase: Failed to get pending reports
[0518/200641.817:ERROR:prune_crash_reports.cc(35)] PruneCrashReportDatabase: Failed to get pending reports
[0518/200828.746:ERROR:prune_crash_reports.cc(35)] PruneCrashReportDatabase: Failed to get pending reports
[0518/201015.700:ERROR:prune_crash_reports.cc(35)] PruneCrashReportDatabase: Failed to get pending reports
[0518/201200.057:ERROR:prune_crash_reports.cc(35)] PruneCrashReportDatabase: Failed to get pending reports
[0518/201345.974:ERROR:prune_crash_reports.cc(35)] PruneCrashReportDatabase: Failed to get pending reports
[0518/201531.748:ERROR:prune_crash_reports.cc(35)] PruneCrashReportDatabase: Failed to get pending reports
[0518/201718.197:ERROR:prune_crash_reports.cc(35)] PruneCrashReportDatabase: Failed to get pending reports
[0518/201904.637:ERROR:prune_crash_reports.cc(35)] PruneCrashReportDatabase: Failed to get pending reports
[0518/202051.084:ERROR:prune_crash_reports.cc(35)] PruneCrashReportDatabase: Failed to get pending reports
[0518/202238.860:ERROR:prune_crash_reports.cc(35)] PruneCrashReportDatabase: Failed to get pending reports
[0518/202426.201:ERROR:prune_crash_reports.cc(35)] PruneCrashReportDatabase: Failed to get pending reports
[0518/202613.628:ERROR:prune_crash_reports.cc(35)] PruneCrashReportDatabase: Failed to get pending reports
[0518/202801.800:ERROR:prune_crash_reports.cc(35)] PruneCrashReportDatabase: Failed to get pending reports
[0518/202951.123:ERROR:prune_crash_reports.cc(35)] PruneCrashReportDatabase: Failed to get pending reports
[0518/203139.998:ERROR:prune_crash_reports.cc(35)] PruneCrashReportDatabase: Failed to get pending reports
[0518/203331.480:ERROR:prune_crash_reports.cc(35)] PruneCrashReportDatabase: Failed to get pending reports
[0518/203527.751:ERROR:prune_crash_reports.cc(35)] PruneCrashReportDatabase: Failed to get pending reports
[0518/203717.382:ERROR:prune_crash_reports.cc(35)] PruneCrashReportDatabase: Failed to get pending reports
[0518/203906.892:ERROR:prune_crash_reports.cc(35)] PruneCrashReportDatabase: Failed to get pending reports
[0518/204058.380:ERROR:prune_crash_reports.cc(35)] PruneCrashReportDatabase: Failed to get pending reports
[0518/204249.813:ERROR:prune_crash_reports.cc(35)] PruneCrashReportDatabase: Failed to get pending reports
[0518/204440.145:ERROR:prune_crash_reports.cc(35)] PruneCrashReportDatabase: Failed to get pending reports
[0518/204631.124:ERROR:prune_crash_reports.cc(35)] PruneCrashReportDatabase: Failed to get pending reports
[0518/204821.971:ERROR:prune_crash_reports.cc(35)] PruneCrashReportDatabase: Failed to get pending reports
[0518/205013.314:ERROR:prune_crash_reports.cc(35)] PruneCrashReportDatabase: Failed to get pending reports
[0518/205208.143:ERROR:prune_crash_reports.cc(35)] PruneCrashReportDatabase: Failed to get pending reports
[0518/205359.847:ERROR:prune_crash_reports.cc(35)] PruneCrashReportDatabase: Failed to get pending reports
[0518/205551.713:ERROR:prune_crash_reports.cc(35)] PruneCrashReportDatabase: Failed to get pending reports
[0518/205743.401:ERROR:prune_crash_reports.cc(35)] PruneCrashReportDatabase: Failed to get pending reports
[0518/205935.400:ERROR:prune_crash_reports.cc(35)] PruneCrashReportDatabase: Failed to get pending reports
[0518/210128.019:ERROR:prune_crash_reports.cc(35)] PruneCrashReportDatabase: Failed to get pending reports
[0518/210321.166:ERROR:prune_crash_reports.cc(35)] PruneCrashReportDatabase: Failed to get pending reports
[0518/210514.330:ERROR:prune_crash_reports.cc(35)] PruneCrashReportDatabase: Failed to get pending reports
[0518/210707.646:ERROR:prune_crash_reports.cc(35)] PruneCrashReportDatabase: Failed to get pending reports
[0518/210901.760:ERROR:prune_crash_reports.cc(35)] PruneCrashReportDatabase: Failed to get pending reports
[0518/211056.523:ERROR:prune_crash_reports.cc(35)] PruneCrashReportDatabase: Failed to get pending reports
[0518/211251.044:ERROR:prune_crash_reports.cc(35)] PruneCrashReportDatabase: Failed to get pending reports
[0518/211445.649:ERROR:prune_crash_reports.cc(35)] PruneCrashReportDatabase: Failed to get pending reports
[0518/211640.598:ERROR:prune_crash_reports.cc(35)] PruneCrashReportDatabase: Failed to get pending reports
[0518/211835.878:ERROR:prune_crash_reports.cc(35)] PruneCrashReportDatabase: Failed to get pending reports
[0518/212031.500:ERROR:prune_crash_reports.cc(35)] PruneCrashReportDatabase: Failed to get pending reports
[0518/212227.788:ERROR:prune_crash_reports.cc(35)] PruneCrashReportDatabase: Failed to get pending reports
[0518/212423.632:ERROR:prune_crash_reports.cc(35)] PruneCrashReportDatabase: Failed to get pending reports
[0518/212619.930:ERROR:prune_crash_reports.cc(35)] PruneCrashReportDatabase: Failed to get pending reports
[0518/212816.503:ERROR:prune_crash_reports.cc(35)] PruneCrashReportDatabase: Failed to get pending reports
[0518/213014.167:ERROR:prune_crash_reports.cc(35)] PruneCrashReportDatabase: Failed to get pending reports
[0518/213211.606:ERROR:prune_crash_reports.cc(35)] PruneCrashReportDatabase: Failed to get pending reports
[0518/213409.254:ERROR:prune_crash_reports.cc(35)] PruneCrashReportDatabase: Failed to get pending reports
[0518/213607.003:ERROR:prune_crash_reports.cc(35)] PruneCrashReportDatabase: Failed to get pending reports
[0518/213804.394:ERROR:prune_crash_reports.cc(35)] PruneCrashReportDatabase: Failed to get pending reports
[0518/214003.257:ERROR:prune_crash_reports.cc(35)] PruneCrashReportDatabase: Failed to get pending reports
[0518/214201.734:ERROR:prune_crash_reports.cc(35)] PruneCrashReportDatabase: Failed to get pending reports
